{"C:\\Users\\CARLOS\\Downloads\\civitrack-final2\\complaint-service\\src\\complaints\\classification.engine.ts": {"path":"C:\\Users\\CARLOS\\Downloads\\civitrack-final2\\complaint-service\\src\\complaints\\classification.engine.ts","statementMap":{"0":{"start":{"line":70,"column":0},"end":{"line":70,"column":16}},"1":{"start":{"line":12,"column":52},"end":{"line":46,"column":2}},"2":{"start":{"line":49,"column":31},"end":{"line":52,"column":2}},"3":{"start":{"line":54,"column":35},"end":{"line":56,"column":2}},"4":{"start":{"line":59,"column":59},"end":{"line":68,"column":2}},"5":{"start":{"line":75,"column":15},"end":{"line":75,"column":54}},"6":{"start":{"line":76,"column":16},"end":{"line":76,"column":33}},"7":{"start":{"line":79,"column":19},"end":{"line":79,"column":48}},"8":{"start":{"line":80,"column":41},"end":{"line":80,"column":43}},"9":{"start":{"line":82,"column":2},"end":{"line":87,"column":3}},"10":{"start":{"line":83,"column":17},"end":{"line":83,"column":42}},"11":{"start":{"line":84,"column":4},"end":{"line":86,"column":5}},"12":{"start":{"line":85,"column":6},"end":{"line":85,"column":45}},"13":{"start":{"line":89,"column":2},"end":{"line":91,"column":3}},"14":{"start":{"line":90,"column":4},"end":{"line":90,"column":74}},"15":{"start":{"line":90,"column":55},"end":{"line":90,"column":66}},"16":{"start":{"line":94,"column":17},"end":{"line":94,"column":25}},"17":{"start":{"line":96,"column":2},"end":{"line":101,"column":3}},"18":{"start":{"line":97,"column":4},"end":{"line":100,"column":5}},"19":{"start":{"line":98,"column":6},"end":{"line":98,"column":28}},"20":{"start":{"line":99,"column":6},"end":{"line":99,"column":12}},"21":{"start":{"line":103,"column":2},"end":{"line":110,"column":3}},"22":{"start":{"line":104,"column":4},"end":{"line":109,"column":5}},"23":{"start":{"line":105,"column":6},"end":{"line":108,"column":7}},"24":{"start":{"line":106,"column":8},"end":{"line":106,"column":26}},"25":{"start":{"line":107,"column":8},"end":{"line":107,"column":14}},"26":{"start":{"line":113,"column":46},"end":{"line":122,"column":4}},"27":{"start":{"line":124,"column":19},"end":{"line":124,"column":65}},"28":{"start":{"line":128,"column":4},"end":{"line":130,"column":6}},"29":{"start":{"line":132,"column":2},"end":{"line":132,"column":54}}},"fnMap":{"0":{"name":"classifyComplaint","decl":{"start":{"line":70,"column":16},"end":{"line":70,"column":33}},"loc":{"start":{"line":73,"column":29},"end":{"line":133,"column":1}}},"1":{"name":"(anonymous_1)","decl":{"start":{"line":90,"column":45},"end":{"line":90,"column":46}},"loc":{"start":{"line":90,"column":55},"end":{"line":90,"column":66}}}},"branchMap":{"0":{"loc":{"start":{"line":79,"column":19},"end":{"line":79,"column":48}},"type":"binary-expr","locations":[{"start":{"line":79,"column":19},"end":{"line":79,"column":37}},{"start":{"line":79,"column":41},"end":{"line":79,"column":48}}]},"1":{"loc":{"start":{"line":84,"column":4},"end":{"line":86,"column":5}},"type":"if","locations":[{"start":{"line":84,"column":4},"end":{"line":86,"column":5}},{"start":{},"end":{}}]},"2":{"loc":{"start":{"line":85,"column":22},"end":{"line":85,"column":39}},"type":"binary-expr","locations":[{"start":{"line":85,"column":22},"end":{"line":85,"column":34}},{"start":{"line":85,"column":38},"end":{"line":85,"column":39}}]},"3":{"loc":{"start":{"line":89,"column":2},"end":{"line":91,"column":3}},"type":"if","locations":[{"start":{"line":89,"column":2},"end":{"line":91,"column":3}},{"start":{},"end":{}}]},"4":{"loc":{"start":{"line":89,"column":6},"end":{"line":89,"column":59}},"type":"binary-expr","locations":[{"start":{"line":89,"column":6},"end":{"line":89,"column":25}},{"start":{"line":89,"column":29},"end":{"line":89,"column":59}}]},"5":{"loc":{"start":{"line":97,"column":4},"end":{"line":100,"column":5}},"type":"if","locations":[{"start":{"line":97,"column":4},"end":{"line":100,"column":5}},{"start":{},"end":{}}]},"6":{"loc":{"start":{"line":103,"column":2},"end":{"line":110,"column":3}},"type":"if","locations":[{"start":{"line":103,"column":2},"end":{"line":110,"column":3}},{"start":{},"end":{}}]},"7":{"loc":{"start":{"line":105,"column":6},"end":{"line":108,"column":7}},"type":"if","locations":[{"start":{"line":105,"column":6},"end":{"line":108,"column":7}},{"start":{},"end":{}}]},"8":{"loc":{"start":{"line":124,"column":19},"end":{"line":124,"column":65}},"type":"binary-expr","locations":[{"start":{"line":124,"column":19},"end":{"line":124,"column":42}},{"start":{"line":124,"column":46},"end":{"line":124,"column":65}}]},"9":{"loc":{"start":{"line":128,"column":4},"end":{"line":130,"column":6}},"type":"binary-expr","locations":[{"start":{"line":128,"column":4},"end":{"line":128,"column":44}},{"start":{"line":129,"column":4},"end":{"line":129,"column":38}},{"start":{"line":130,"column":4},"end":{"line":130,"column":6}}]},"10":{"loc":{"start":{"line":128,"column":15},"end":{"line":128,"column":43}},"type":"binary-expr","locations":[{"start":{"line":128,"column":15},"end":{"line":128,"column":36}},{"start":{"line":128,"column":40},"end":{"line":128,"column":43}}]}},"s":{"0":2,"1":2,"2":2,"3":2,"4":2,"5":22,"6":22,"7":22,"8":22,"9":22,"10":264,"11":264,"12":68,"13":22,"14":18,"15":3,"16":22,"17":22,"18":120,"19":3,"20":3,"21":22,"22":19,"23":177,"24":7,"25":7,"26":22,"27":22,"28":22,"29":22},"f":{"0":22,"1":3},"b":{"0":[22,21],"1":[68,196],"2":[68,21],"3":[18,4],"4":[22,21],"5":[3,117],"6":[19,3],"7":[7,170],"8":[22,0],"9":[22,22,0],"10":[22,22]}}
,"C:\\Users\\CARLOS\\Downloads\\civitrack-final2\\complaint-service\\src\\complaints\\complaints.controller.ts": {"path":"C:\\Users\\CARLOS\\Downloads\\civitrack-final2\\complaint-service\\src\\complaints\\complaints.controller.ts","statementMap":{"0":{"start":{"line":1,"column":0},"end":{"line":1,"column":null}},"1":{"start":{"line":13,"column":0},"end":{"line":13,"column":57}},"2":{"start":{"line":14,"column":0},"end":{"line":14,"column":64}},"3":{"start":{"line":15,"column":0},"end":{"line":15,"column":58}},"4":{"start":{"line":16,"column":0},"end":{"line":16,"column":60}},"5":{"start":{"line":17,"column":0},"end":{"line":17,"column":55}},"6":{"start":{"line":18,"column":0},"end":{"line":18,"column":57}},"7":{"start":{"line":22,"column":7},"end":{"line":132,"column":null}},"8":{"start":{"line":23,"column":22},"end":{"line":23,"column":41}},"9":{"start":{"line":35,"column":4},"end":{"line":35,"column":69}},"10":{"start":{"line":45,"column":4},"end":{"line":45,"column":49}},"11":{"start":{"line":54,"column":4},"end":{"line":54,"column":60}},"12":{"start":{"line":64,"column":4},"end":{"line":64,"column":63}},"13":{"start":{"line":74,"column":4},"end":{"line":74,"column":51}},"14":{"start":{"line":84,"column":4},"end":{"line":84,"column":45}},"15":{"start":{"line":93,"column":4},"end":{"line":93,"column":46}},"16":{"start":{"line":108,"column":4},"end":{"line":108,"column":77}},"17":{"start":{"line":122,"column":4},"end":{"line":122,"column":67}},"18":{"start":{"line":130,"column":4},"end":{"line":130,"column":58}},"19":{"start":{"line":22,"column":13},"end":{"line":22,"column":33}},"20":{"start":{"line":30,"column":8},"end":{"line":36,"column":null}},"21":{"start":{"line":44,"column":8},"end":{"line":46,"column":null}},"22":{"start":{"line":53,"column":8},"end":{"line":55,"column":null}},"23":{"start":{"line":63,"column":8},"end":{"line":65,"column":null}},"24":{"start":{"line":73,"column":8},"end":{"line":75,"column":null}},"25":{"start":{"line":83,"column":8},"end":{"line":85,"column":null}},"26":{"start":{"line":92,"column":8},"end":{"line":94,"column":null}},"27":{"start":{"line":102,"column":8},"end":{"line":109,"column":null}},"28":{"start":{"line":117,"column":8},"end":{"line":123,"column":null}},"29":{"start":{"line":129,"column":2},"end":{"line":131,"column":null}},"30":{"start":{"line":22,"column":13},"end":{"line":132,"column":null}}},"fnMap":{"0":{"name":"(anonymous_4)","decl":{"start":{"line":23,"column":2},"end":{"line":23,"column":22}},"loc":{"start":{"line":23,"column":58},"end":{"line":23,"column":62}}},"1":{"name":"(anonymous_5)","decl":{"start":{"line":30,"column":8},"end":{"line":30,"column":14}},"loc":{"start":{"line":33,"column":47},"end":{"line":36,"column":3}}},"2":{"name":"(anonymous_6)","decl":{"start":{"line":44,"column":8},"end":{"line":44,"column":15}},"loc":{"start":{"line":44,"column":35},"end":{"line":46,"column":3}}},"3":{"name":"(anonymous_7)","decl":{"start":{"line":53,"column":8},"end":{"line":53,"column":16}},"loc":{"start":{"line":53,"column":31},"end":{"line":55,"column":3}}},"4":{"name":"(anonymous_8)","decl":{"start":{"line":63,"column":8},"end":{"line":63,"column":24}},"loc":{"start":{"line":63,"column":64},"end":{"line":65,"column":3}}},"5":{"name":"(anonymous_9)","decl":{"start":{"line":73,"column":8},"end":{"line":73,"column":22}},"loc":{"start":{"line":73,"column":22},"end":{"line":75,"column":3}}},"6":{"name":"(anonymous_10)","decl":{"start":{"line":83,"column":8},"end":{"line":83,"column":16}},"loc":{"start":{"line":83,"column":16},"end":{"line":85,"column":3}}},"7":{"name":"(anonymous_11)","decl":{"start":{"line":92,"column":8},"end":{"line":92,"column":15}},"loc":{"start":{"line":92,"column":39},"end":{"line":94,"column":3}}},"8":{"name":"(anonymous_12)","decl":{"start":{"line":102,"column":8},"end":{"line":102,"column":20}},"loc":{"start":{"line":106,"column":45},"end":{"line":109,"column":3}}},"9":{"name":"(anonymous_13)","decl":{"start":{"line":117,"column":8},"end":{"line":117,"column":21}},"loc":{"start":{"line":120,"column":18},"end":{"line":123,"column":3}}},"10":{"name":"(anonymous_14)","decl":{"start":{"line":129,"column":2},"end":{"line":129,"column":8}},"loc":{"start":{"line":129,"column":8},"end":{"line":131,"column":3}}}},"branchMap":{},"s":{"0":0,"1":0,"2":0,"3":0,"4":0,"5":0,"6":0,"7":0,"8":0,"9":0,"10":0,"11":0,"12":0,"13":0,"14":0,"15":0,"16":0,"17":0,"18":0,"19":0,"20":0,"21":0,"22":0,"23":0,"24":0,"25":0,"26":0,"27":0,"28":0,"29":0,"30":0},"f":{"0":0,"1":0,"2":0,"3":0,"4":0,"5":0,"6":0,"7":0,"8":0,"9":0,"10":0},"b":{}}
,"C:\\Users\\CARLOS\\Downloads\\civitrack-final2\\complaint-service\\src\\complaints\\complaints.service.ts": {"path":"C:\\Users\\CARLOS\\Downloads\\civitrack-final2\\complaint-service\\src\\complaints\\complaints.service.ts","statementMap":{"0":{"start":{"line":1,"column":0},"end":{"line":1,"column":null}},"1":{"start":{"line":6,"column":0},"end":{"line":6,"column":57}},"2":{"start":{"line":10,"column":0},"end":{"line":10,"column":60}},"3":{"start":{"line":20,"column":7},"end":{"line":253,"column":null}},"4":{"start":{"line":21,"column":22},"end":{"line":21,"column":30}},"5":{"start":{"line":28,"column":27},"end":{"line":31,"column":null}},"6":{"start":{"line":34,"column":16},"end":{"line":34,"column":26}},"7":{"start":{"line":35,"column":24},"end":{"line":36,"column":null}},"8":{"start":{"line":39,"column":22},"end":{"line":63,"column":6}},"9":{"start":{"line":65,"column":4},"end":{"line":65,"column":21}},"10":{"start":{"line":79,"column":4},"end":{"line":79,"column":34}},"11":{"start":{"line":81,"column":23},"end":{"line":81,"column":25}},"12":{"start":{"line":83,"column":4},"end":{"line":83,"column":50}},"13":{"start":{"line":83,"column":22},"end":{"line":83,"column":50}},"14":{"start":{"line":84,"column":4},"end":{"line":84,"column":62}},"15":{"start":{"line":84,"column":26},"end":{"line":84,"column":62}},"16":{"start":{"line":85,"column":4},"end":{"line":85,"column":56}},"17":{"start":{"line":85,"column":24},"end":{"line":85,"column":56}},"18":{"start":{"line":86,"column":4},"end":{"line":86,"column":63}},"19":{"start":{"line":86,"column":38},"end":{"line":86,"column":63}},"20":{"start":{"line":87,"column":4},"end":{"line":87,"column":59}},"21":{"start":{"line":87,"column":25},"end":{"line":87,"column":59}},"22":{"start":{"line":89,"column":4},"end":{"line":93,"column":7}},"23":{"start":{"line":100,"column":4},"end":{"line":100,"column":34}},"24":{"start":{"line":102,"column":4},"end":{"line":106,"column":7}},"25":{"start":{"line":113,"column":4},"end":{"line":113,"column":34}},"26":{"start":{"line":115,"column":4},"end":{"line":119,"column":7}},"27":{"start":{"line":126,"column":22},"end":{"line":129,"column":6}},"28":{"start":{"line":131,"column":4},"end":{"line":131,"column":71}},"29":{"start":{"line":131,"column":20},"end":{"line":131,"column":71}},"30":{"start":{"line":132,"column":4},"end":{"line":132,"column":21}},"31":{"start":{"line":139,"column":22},"end":{"line":139,"column":44}},"32":{"start":{"line":141,"column":20},"end":{"line":158,"column":6}},"33":{"start":{"line":160,"column":4},"end":{"line":160,"column":19}},"34":{"start":{"line":167,"column":4},"end":{"line":167,"column":27}},"35":{"start":{"line":169,"column":4},"end":{"line":187,"column":7}},"36":{"start":{"line":194,"column":16},"end":{"line":194,"column":26}},"37":{"start":{"line":197,"column":4},"end":{"line":204,"column":7}},"38":{"start":{"line":211,"column":4},"end":{"line":211,"column":34}},"39":{"start":{"line":213,"column":4},"end":{"line":219,"column":7}},"40":{"start":{"line":226,"column":4},"end":{"line":226,"column":34}},"41":{"start":{"line":228,"column":61},"end":{"line":234,"column":6}},"42":{"start":{"line":236,"column":25},"end":{"line":239,"column":6}},"43":{"start":{"line":241,"column":4},"end":{"line":251,"column":6}},"44":{"start":{"line":247,"column":45},"end":{"line":250,"column":8}},"45":{"start":{"line":20,"column":13},"end":{"line":20,"column":30}},"46":{"start":{"line":20,"column":13},"end":{"line":253,"column":null}}},"fnMap":{"0":{"name":"(anonymous_2)","decl":{"start":{"line":21,"column":2},"end":{"line":21,"column":22}},"loc":{"start":{"line":21,"column":43},"end":{"line":21,"column":47}}},"1":{"name":"(anonymous_3)","decl":{"start":{"line":26,"column":2},"end":{"line":26,"column":7}},"loc":{"start":{"line":26,"column":75},"end":{"line":66,"column":3}}},"2":{"name":"(anonymous_4)","decl":{"start":{"line":71,"column":2},"end":{"line":71,"column":7}},"loc":{"start":{"line":77,"column":3},"end":{"line":94,"column":3}}},"3":{"name":"(anonymous_5)","decl":{"start":{"line":99,"column":2},"end":{"line":99,"column":7}},"loc":{"start":{"line":99,"column":31},"end":{"line":107,"column":3}}},"4":{"name":"(anonymous_6)","decl":{"start":{"line":112,"column":2},"end":{"line":112,"column":7}},"loc":{"start":{"line":112,"column":43},"end":{"line":120,"column":3}}},"5":{"name":"(anonymous_7)","decl":{"start":{"line":125,"column":2},"end":{"line":125,"column":7}},"loc":{"start":{"line":125,"column":26},"end":{"line":133,"column":3}}},"6":{"name":"(anonymous_8)","decl":{"start":{"line":138,"column":2},"end":{"line":138,"column":7}},"loc":{"start":{"line":138,"column":88},"end":{"line":161,"column":3}}},"7":{"name":"(anonymous_9)","decl":{"start":{"line":166,"column":2},"end":{"line":166,"column":7}},"loc":{"start":{"line":166,"column":71},"end":{"line":188,"column":3}}},"8":{"name":"(anonymous_10)","decl":{"start":{"line":193,"column":2},"end":{"line":193,"column":7}},"loc":{"start":{"line":193,"column":24},"end":{"line":205,"column":3}}},"9":{"name":"(anonymous_11)","decl":{"start":{"line":210,"column":2},"end":{"line":210,"column":7}},"loc":{"start":{"line":210,"column":22},"end":{"line":220,"column":3}}},"10":{"name":"(anonymous_12)","decl":{"start":{"line":225,"column":2},"end":{"line":225,"column":7}},"loc":{"start":{"line":225,"column":16},"end":{"line":252,"column":3}}},"11":{"name":"(anonymous_13)","decl":{"start":{"line":247,"column":37},"end":{"line":247,"column":38}},"loc":{"start":{"line":247,"column":45},"end":{"line":250,"column":8}}}},"branchMap":{"0":{"loc":{"start":{"line":43,"column":21},"end":{"line":43,"column":45}},"type":"binary-expr","locations":[{"start":{"line":43,"column":21},"end":{"line":43,"column":32}},{"start":{"line":43,"column":36},"end":{"line":43,"column":45}}]},"1":{"loc":{"start":{"line":54,"column":23},"end":{"line":54,"column":48}},"type":"binary-expr","locations":[{"start":{"line":54,"column":23},"end":{"line":54,"column":34}},{"start":{"line":54,"column":38},"end":{"line":54,"column":48}}]},"2":{"loc":{"start":{"line":83,"column":4},"end":{"line":83,"column":50}},"type":"if","locations":[{"start":{"line":83,"column":4},"end":{"line":83,"column":50}},{"start":{},"end":{}}]},"3":{"loc":{"start":{"line":84,"column":4},"end":{"line":84,"column":62}},"type":"if","locations":[{"start":{"line":84,"column":4},"end":{"line":84,"column":62}},{"start":{},"end":{}}]},"4":{"loc":{"start":{"line":85,"column":4},"end":{"line":85,"column":56}},"type":"if","locations":[{"start":{"line":85,"column":4},"end":{"line":85,"column":56}},{"start":{},"end":{}}]},"5":{"loc":{"start":{"line":86,"column":4},"end":{"line":86,"column":63}},"type":"if","locations":[{"start":{"line":86,"column":4},"end":{"line":86,"column":63}},{"start":{},"end":{}}]},"6":{"loc":{"start":{"line":87,"column":4},"end":{"line":87,"column":59}},"type":"if","locations":[{"start":{"line":87,"column":4},"end":{"line":87,"column":59}},{"start":{},"end":{}}]},"7":{"loc":{"start":{"line":131,"column":4},"end":{"line":131,"column":71}},"type":"if","locations":[{"start":{"line":131,"column":4},"end":{"line":131,"column":71}},{"start":{},"end":{}}]},"8":{"loc":{"start":{"line":148,"column":23},"end":{"line":148,"column":46}},"type":"binary-expr","locations":[{"start":{"line":148,"column":23},"end":{"line":148,"column":32}},{"start":{"line":148,"column":36},"end":{"line":148,"column":46}}]}},"s":{"0":1,"1":1,"2":1,"3":1,"4":10,"5":4,"6":4,"7":4,"8":4,"9":4,"10":0,"11":0,"12":0,"13":0,"14":0,"15":0,"16":0,"17":0,"18":0,"19":0,"20":0,"21":0,"22":0,"23":1,"24":1,"25":0,"26":0,"27":4,"28":4,"29":1,"30":3,"31":2,"32":2,"33":2,"34":0,"35":0,"36":2,"37":2,"38":0,"39":0,"40":1,"41":1,"42":1,"43":1,"44":2,"45":1,"46":1},"f":{"0":10,"1":4,"2":0,"3":1,"4":0,"5":4,"6":2,"7":0,"8":2,"9":0,"10":1,"11":2},"b":{"0":[4,0],"1":[4,0],"2":[0,0],"3":[0,0],"4":[0,0],"5":[0,0],"6":[0,0],"7":[1,3],"8":[2,0]}}
,"C:\\Users\\CARLOS\\Downloads\\civitrack-final2\\complaint-service\\src\\complaints\\dto\\assign-officer.dto.ts": {"path":"C:\\Users\\CARLOS\\Downloads\\civitrack-final2\\complaint-service\\src\\complaints\\dto\\assign-officer.dto.ts","statementMap":{"0":{"start":{"line":1,"column":0},"end":{"line":1,"column":55}},"1":{"start":{"line":3,"column":0},"end":{"line":3,"column":13}},"2":{"start":{"line":6,"column":2},"end":{"line":6,"column":null}},"3":{"start":{"line":10,"column":2},"end":{"line":10,"column":null}}},"fnMap":{},"branchMap":{},"s":{"0":0,"1":0,"2":0,"3":0},"f":{},"b":{}}
,"C:\\Users\\CARLOS\\Downloads\\civitrack-final2\\complaint-service\\src\\complaints\\dto\\create-complaint.dto.ts": {"path":"C:\\Users\\CARLOS\\Downloads\\civitrack-final2\\complaint-service\\src\\complaints\\dto\\create-complaint.dto.ts","statementMap":{"0":{"start":{"line":1,"column":0},"end":{"line":1,"column":null}},"1":{"start":{"line":10,"column":0},"end":{"line":10,"column":null}},"2":{"start":{"line":11,"column":2},"end":{"line":11,"column":null}},"3":{"start":{"line":12,"column":2},"end":{"line":12,"column":null}},"4":{"start":{"line":13,"column":2},"end":{"line":13,"column":null}},"5":{"start":{"line":14,"column":2},"end":{"line":14,"column":null}},"6":{"start":{"line":15,"column":2},"end":{"line":15,"column":null}},"7":{"start":{"line":16,"column":2},"end":{"line":16,"column":null}},"8":{"start":{"line":17,"column":2},"end":{"line":17,"column":null}},"9":{"start":{"line":18,"column":2},"end":{"line":18,"column":null}},"10":{"start":{"line":21,"column":0},"end":{"line":21,"column":13}},"11":{"start":{"line":26,"column":2},"end":{"line":26,"column":null}},"12":{"start":{"line":32,"column":2},"end":{"line":32,"column":null}},"13":{"start":{"line":36,"column":2},"end":{"line":36,"column":null}}},"fnMap":{"0":{"name":"(anonymous_2)","decl":{"start":{"line":10,"column":0},"end":{"line":10,"column":12}},"loc":{"start":{"line":10,"column":22},"end":{"line":19,"column":1}}}},"branchMap":{"0":{"loc":{"start":{"line":10,"column":12},"end":{"line":10,"column":null}},"type":"binary-expr","locations":[{"start":{"line":10,"column":12},"end":{"line":10,"column":22}},{"start":{"line":10,"column":22},"end":{"line":10,"column":null}}]}},"s":{"0":0,"1":0,"2":0,"3":0,"4":0,"5":0,"6":0,"7":0,"8":0,"9":0,"10":0,"11":0,"12":0,"13":0},"f":{"0":0},"b":{"0":[0,0]}}
,"C:\\Users\\CARLOS\\Downloads\\civitrack-final2\\complaint-service\\src\\complaints\\dto\\update-status.dto.ts": {"path":"C:\\Users\\CARLOS\\Downloads\\civitrack-final2\\complaint-service\\src\\complaints\\dto\\update-status.dto.ts","statementMap":{"0":{"start":{"line":1,"column":0},"end":{"line":1,"column":63}},"1":{"start":{"line":3,"column":0},"end":{"line":3,"column":null}},"2":{"start":{"line":4,"column":2},"end":{"line":4,"column":null}},"3":{"start":{"line":5,"column":2},"end":{"line":5,"column":null}},"4":{"start":{"line":6,"column":2},"end":{"line":6,"column":null}},"5":{"start":{"line":7,"column":2},"end":{"line":7,"column":null}},"6":{"start":{"line":8,"column":2},"end":{"line":8,"column":null}},"7":{"start":{"line":11,"column":0},"end":{"line":11,"column":13}},"8":{"start":{"line":13,"column":2},"end":{"line":13,"column":null}},"9":{"start":{"line":17,"column":2},"end":{"line":17,"column":null}}},"fnMap":{"0":{"name":"(anonymous_2)","decl":{"start":{"line":3,"column":0},"end":{"line":3,"column":12}},"loc":{"start":{"line":3,"column":18},"end":{"line":9,"column":1}}}},"branchMap":{"0":{"loc":{"start":{"line":3,"column":12},"end":{"line":3,"column":null}},"type":"binary-expr","locations":[{"start":{"line":3,"column":12},"end":{"line":3,"column":18}},{"start":{"line":3,"column":18},"end":{"line":3,"column":null}}]}},"s":{"0":0,"1":0,"2":0,"3":0,"4":0,"5":0,"6":0,"7":0,"8":0,"9":0},"f":{"0":0},"b":{"0":[0,0]}}
,"C:\\Users\\CARLOS\\Downloads\\civitrack-final2\\complaint-service\\src\\complaints\\guards\\jwt-auth.guard.ts": {"path":"C:\\Users\\CARLOS\\Downloads\\civitrack-final2\\complaint-service\\src\\complaints\\guards\\jwt-auth.guard.ts","statementMap":{"0":{"start":{"line":1,"column":0},"end":{"line":1,"column":44}},"1":{"start":{"line":2,"column":0},"end":{"line":2,"column":45}},"2":{"start":{"line":5,"column":7},"end":{"line":5,"column":null}},"3":{"start":{"line":5,"column":13},"end":{"line":5,"column":25}},"4":{"start":{"line":5,"column":13},"end":{"line":5,"column":null}}},"fnMap":{},"branchMap":{},"s":{"0":0,"1":0,"2":0,"3":0,"4":0},"f":{},"b":{}}
,"C:\\Users\\CARLOS\\Downloads\\civitrack-final2\\complaint-service\\src\\complaints\\guards\\roles.guard.ts": {"path":"C:\\Users\\CARLOS\\Downloads\\civitrack-final2\\complaint-service\\src\\complaints\\guards\\roles.guard.ts","statementMap":{"0":{"start":{"line":11,"column":0},"end":{"line":11,"column":16}},"1":{"start":{"line":1,"column":0},"end":{"line":1,"column":null}},"2":{"start":{"line":7,"column":0},"end":{"line":7,"column":41}},"3":{"start":{"line":9,"column":13},"end":{"line":9,"column":33}},"4":{"start":{"line":12,"column":2},"end":{"line":15,"column":4}},"5":{"start":{"line":13,"column":4},"end":{"line":13,"column":85}},"6":{"start":{"line":14,"column":4},"end":{"line":14,"column":32}},"7":{"start":{"line":19,"column":7},"end":{"line":42,"column":null}},"8":{"start":{"line":20,"column":22},"end":{"line":20,"column":33}},"9":{"start":{"line":23,"column":26},"end":{"line":25,"column":null}},"10":{"start":{"line":28,"column":4},"end":{"line":30,"column":5}},"11":{"start":{"line":29,"column":6},"end":{"line":29,"column":18}},"12":{"start":{"line":32,"column":21},"end":{"line":32,"column":56}},"13":{"start":{"line":34,"column":4},"end":{"line":38,"column":5}},"14":{"start":{"line":35,"column":6},"end":{"line":37,"column":8}},"15":{"start":{"line":40,"column":4},"end":{"line":40,"column":16}},"16":{"start":{"line":19,"column":13},"end":{"line":19,"column":23}},"17":{"start":{"line":19,"column":13},"end":{"line":42,"column":null}}},"fnMap":{"0":{"name":"Roles","decl":{"start":{"line":11,"column":16},"end":{"line":11,"column":21}},"loc":{"start":{"line":11,"column":40},"end":{"line":16,"column":1}}},"1":{"name":"(anonymous_3)","decl":{"start":{"line":12,"column":9},"end":{"line":12,"column":10}},"loc":{"start":{"line":12,"column":57},"end":{"line":15,"column":3}}},"2":{"name":"(anonymous_4)","decl":{"start":{"line":20,"column":2},"end":{"line":20,"column":22}},"loc":{"start":{"line":20,"column":42},"end":{"line":20,"column":46}}},"3":{"name":"(anonymous_5)","decl":{"start":{"line":22,"column":2},"end":{"line":22,"column":13}},"loc":{"start":{"line":22,"column":39},"end":{"line":41,"column":3}}}},"branchMap":{"0":{"loc":{"start":{"line":13,"column":45},"end":{"line":13,"column":83}},"type":"cond-expr","locations":[{"start":{"line":13,"column":58},"end":{"line":13,"column":74}},{"start":{"line":13,"column":77},"end":{"line":13,"column":83}}]},"1":{"loc":{"start":{"line":14,"column":11},"end":{"line":14,"column":31}},"type":"binary-expr","locations":[{"start":{"line":14,"column":11},"end":{"line":14,"column":21}},{"start":{"line":14,"column":25},"end":{"line":14,"column":31}}]},"2":{"loc":{"start":{"line":28,"column":4},"end":{"line":30,"column":5}},"type":"if","locations":[{"start":{"line":28,"column":4},"end":{"line":30,"column":5}},{"start":{},"end":{}}]},"3":{"loc":{"start":{"line":28,"column":8},"end":{"line":28,"column":52}},"type":"binary-expr","locations":[{"start":{"line":28,"column":8},"end":{"line":28,"column":22}},{"start":{"line":28,"column":26},"end":{"line":28,"column":52}}]},"4":{"loc":{"start":{"line":34,"column":4},"end":{"line":38,"column":5}},"type":"if","locations":[{"start":{"line":34,"column":4},"end":{"line":38,"column":5}},{"start":{},"end":{}}]},"5":{"loc":{"start":{"line":34,"column":8},"end":{"line":34,"column":51}},"type":"binary-expr","locations":[{"start":{"line":34,"column":8},"end":{"line":34,"column":13}},{"start":{"line":34,"column":17},"end":{"line":34,"column":51}}]}},"s":{"0":0,"1":0,"2":0,"3":0,"4":0,"5":0,"6":0,"7":0,"8":0,"9":0,"10":0,"11":0,"12":0,"13":0,"14":0,"15":0,"16":0,"17":0},"f":{"0":0,"1":0,"2":0,"3":0},"b":{"0":[0,0],"1":[0,0],"2":[0,0],"3":[0,0],"4":[0,0],"5":[0,0]}}
,"C:\\Users\\CARLOS\\Downloads\\civitrack-final2\\complaint-service\\src\\complaints\\strategies\\jwt.strategy.ts": {"path":"C:\\Users\\CARLOS\\Downloads\\civitrack-final2\\complaint-service\\src\\complaints\\strategies\\jwt.strategy.ts","statementMap":{"0":{"start":{"line":1,"column":0},"end":{"line":1,"column":67}},"1":{"start":{"line":2,"column":0},"end":{"line":2,"column":52}},"2":{"start":{"line":3,"column":0},"end":{"line":3,"column":52}},"3":{"start":{"line":4,"column":0},"end":{"line":4,"column":47}},"4":{"start":{"line":7,"column":7},"end":{"line":26,"column":null}},"5":{"start":{"line":9,"column":4},"end":{"line":13,"column":7}},"6":{"start":{"line":17,"column":4},"end":{"line":19,"column":5}},"7":{"start":{"line":18,"column":6},"end":{"line":18,"column":40}},"8":{"start":{"line":20,"column":4},"end":{"line":24,"column":6}},"9":{"start":{"line":7,"column":13},"end":{"line":7,"column":24}},"10":{"start":{"line":7,"column":13},"end":{"line":26,"column":null}}},"fnMap":{"0":{"name":"(anonymous_2)","decl":{"start":{"line":8,"column":2},"end":{"line":8,"column":14}},"loc":{"start":{"line":8,"column":42},"end":{"line":14,"column":3}}},"1":{"name":"(anonymous_3)","decl":{"start":{"line":16,"column":2},"end":{"line":16,"column":7}},"loc":{"start":{"line":16,"column":29},"end":{"line":25,"column":3}}}},"branchMap":{"0":{"loc":{"start":{"line":17,"column":4},"end":{"line":19,"column":5}},"type":"if","locations":[{"start":{"line":17,"column":4},"end":{"line":19,"column":5}},{"start":{},"end":{}}]},"1":{"loc":{"start":{"line":17,"column":8},"end":{"line":17,"column":38}},"type":"binary-expr","locations":[{"start":{"line":17,"column":8},"end":{"line":17,"column":20}},{"start":{"line":17,"column":24},"end":{"line":17,"column":38}}]}},"s":{"0":0,"1":0,"2":0,"3":0,"4":0,"5":0,"6":0,"7":0,"8":0,"9":0,"10":0},"f":{"0":0,"1":0},"b":{"0":[0,0],"1":[0,0]}}
,"C:\\Users\\CARLOS\\Downloads\\civitrack-final2\\complaint-service\\src\\prisma\\prisma.service.ts": {"path":"C:\\Users\\CARLOS\\Downloads\\civitrack-final2\\complaint-service\\src\\prisma\\prisma.service.ts","statementMap":{"0":{"start":{"line":1,"column":0},"end":{"line":1,"column":75}},"1":{"start":{"line":2,"column":0},"end":{"line":2,"column":46}},"2":{"start":{"line":5,"column":7},"end":{"line":13,"column":null}},"3":{"start":{"line":7,"column":4},"end":{"line":7,"column":26}},"4":{"start":{"line":11,"column":4},"end":{"line":11,"column":29}},"5":{"start":{"line":5,"column":13},"end":{"line":5,"column":26}},"6":{"start":{"line":5,"column":13},"end":{"line":13,"column":null}}},"fnMap":{"0":{"name":"(anonymous_1)","decl":{"start":{"line":6,"column":2},"end":{"line":6,"column":7}},"loc":{"start":{"line":6,"column":20},"end":{"line":8,"column":3}}},"1":{"name":"(anonymous_2)","decl":{"start":{"line":10,"column":2},"end":{"line":10,"column":7}},"loc":{"start":{"line":10,"column":23},"end":{"line":12,"column":3}}}},"branchMap":{},"s":{"0":1,"1":1,"2":1,"3":0,"4":0,"5":1,"6":1},"f":{"0":0,"1":0},"b":{}}
}
