TN:
SF:src\complaints\classification.engine.ts
FN:70,classifyComplaint
FN:90,(anonymous_1)
FNF:2
FNH:2
FNDA:22,classifyComplaint
FNDA:3,(anonymous_1)
DA:12,2
DA:49,2
DA:54,2
DA:59,2
DA:70,2
DA:75,22
DA:76,22
DA:79,22
DA:80,22
DA:82,22
DA:83,264
DA:84,264
DA:85,68
DA:89,22
DA:90,18
DA:94,22
DA:96,22
DA:97,120
DA:98,3
DA:99,3
DA:103,22
DA:104,19
DA:105,177
DA:106,7
DA:107,7
DA:113,22
DA:124,22
DA:128,22
DA:132,22
LF:29
LH:29
BRDA:79,0,0,22
BRDA:79,0,1,21
BRDA:84,1,0,68
BRDA:84,1,1,196
BRDA:85,2,0,68
BRDA:85,2,1,21
BRDA:89,3,0,18
BRDA:89,3,1,4
BRDA:89,4,0,22
BRDA:89,4,1,21
BRDA:97,5,0,3
BRDA:97,5,1,117
BRDA:103,6,0,19
BRDA:103,6,1,3
BRDA:105,7,0,7
BRDA:105,7,1,170
BRDA:124,8,0,22
BRDA:124,8,1,0
BRDA:128,9,0,22
BRDA:128,9,1,22
BRDA:128,9,2,0
BRDA:128,10,0,22
BRDA:128,10,1,22
BRF:23
BRH:21
end_of_record
TN:
SF:src\complaints\complaints.controller.ts
FN:23,(anonymous_4)
FN:30,(anonymous_5)
FN:44,(anonymous_6)
FN:53,(anonymous_7)
FN:63,(anonymous_8)
FN:73,(anonymous_9)
FN:83,(anonymous_10)
FN:92,(anonymous_11)
FN:102,(anonymous_12)
FN:117,(anonymous_13)
FN:129,(anonymous_14)
FNF:11
FNH:0
FNDA:0,(anonymous_4)
FNDA:0,(anonymous_5)
FNDA:0,(anonymous_6)
FNDA:0,(anonymous_7)
FNDA:0,(anonymous_8)
FNDA:0,(anonymous_9)
FNDA:0,(anonymous_10)
FNDA:0,(anonymous_11)
FNDA:0,(anonymous_12)
FNDA:0,(anonymous_13)
FNDA:0,(anonymous_14)
DA:1,0
DA:13,0
DA:14,0
DA:15,0
DA:16,0
DA:17,0
DA:18,0
DA:22,0
DA:23,0
DA:30,0
DA:35,0
DA:44,0
DA:45,0
DA:53,0
DA:54,0
DA:63,0
DA:64,0
DA:73,0
DA:74,0
DA:83,0
DA:84,0
DA:92,0
DA:93,0
DA:102,0
DA:108,0
DA:117,0
DA:122,0
DA:129,0
DA:130,0
LF:29
LH:0
BRF:0
BRH:0
end_of_record
TN:
SF:src\complaints\complaints.service.ts
FN:21,(anonymous_2)
FN:26,(anonymous_3)
FN:71,(anonymous_4)
FN:99,(anonymous_5)
FN:112,(anonymous_6)
FN:125,(anonymous_7)
FN:138,(anonymous_8)
FN:166,(anonymous_9)
FN:193,(anonymous_10)
FN:210,(anonymous_11)
FN:225,(anonymous_12)
FN:247,(anonymous_13)
FNF:12
FNH:8
FNDA:10,(anonymous_2)
FNDA:4,(anonymous_3)
FNDA:0,(anonymous_4)
FNDA:1,(anonymous_5)
FNDA:0,(anonymous_6)
FNDA:4,(anonymous_7)
FNDA:2,(anonymous_8)
FNDA:0,(anonymous_9)
FNDA:2,(anonymous_10)
FNDA:0,(anonymous_11)
FNDA:1,(anonymous_12)
FNDA:2,(anonymous_13)
DA:1,1
DA:6,1
DA:10,1
DA:20,1
DA:21,10
DA:28,4
DA:34,4
DA:35,4
DA:39,4
DA:65,4
DA:79,0
DA:81,0
DA:83,0
DA:84,0
DA:85,0
DA:86,0
DA:87,0
DA:89,0
DA:100,1
DA:102,1
DA:113,0
DA:115,0
DA:126,4
DA:131,4
DA:132,3
DA:139,2
DA:141,2
DA:160,2
DA:167,0
DA:169,0
DA:194,2
DA:197,2
DA:211,0
DA:213,0
DA:226,1
DA:228,1
DA:236,1
DA:241,1
DA:247,2
LF:39
LH:25
BRDA:43,0,0,4
BRDA:43,0,1,0
BRDA:54,1,0,4
BRDA:54,1,1,0
BRDA:83,2,0,0
BRDA:83,2,1,0
BRDA:84,3,0,0
BRDA:84,3,1,0
BRDA:85,4,0,0
BRDA:85,4,1,0
BRDA:86,5,0,0
BRDA:86,5,1,0
BRDA:87,6,0,0
BRDA:87,6,1,0
BRDA:131,7,0,1
BRDA:131,7,1,3
BRDA:148,8,0,2
BRDA:148,8,1,0
BRF:18
BRH:5
end_of_record
TN:
SF:src\complaints\dto\assign-officer.dto.ts
FNF:0
FNH:0
DA:1,0
DA:3,0
DA:6,0
DA:10,0
LF:4
LH:0
BRF:0
BRH:0
end_of_record
TN:
SF:src\complaints\dto\create-complaint.dto.ts
FN:10,(anonymous_2)
FNF:1
FNH:0
FNDA:0,(anonymous_2)
DA:1,0
DA:10,0
DA:11,0
DA:12,0
DA:13,0
DA:14,0
DA:15,0
DA:16,0
DA:17,0
DA:18,0
DA:21,0
DA:26,0
DA:32,0
DA:36,0
LF:14
LH:0
BRDA:10,0,0,0
BRDA:10,0,1,0
BRF:2
BRH:0
end_of_record
TN:
SF:src\complaints\dto\update-status.dto.ts
FN:3,(anonymous_2)
FNF:1
FNH:0
FNDA:0,(anonymous_2)
DA:1,0
DA:3,0
DA:4,0
DA:5,0
DA:6,0
DA:7,0
DA:8,0
DA:11,0
DA:13,0
DA:17,0
LF:10
LH:0
BRDA:3,0,0,0
BRDA:3,0,1,0
BRF:2
BRH:0
end_of_record
TN:
SF:src\complaints\guards\jwt-auth.guard.ts
FNF:0
FNH:0
DA:1,0
DA:2,0
DA:5,0
LF:3
LH:0
BRF:0
BRH:0
end_of_record
TN:
SF:src\complaints\guards\roles.guard.ts
FN:11,Roles
FN:12,(anonymous_3)
FN:20,(anonymous_4)
FN:22,(anonymous_5)
FNF:4
FNH:0
FNDA:0,Roles
FNDA:0,(anonymous_3)
FNDA:0,(anonymous_4)
FNDA:0,(anonymous_5)
DA:1,0
DA:7,0
DA:9,0
DA:11,0
DA:12,0
DA:13,0
DA:14,0
DA:19,0
DA:20,0
DA:23,0
DA:28,0
DA:29,0
DA:32,0
DA:34,0
DA:35,0
DA:40,0
LF:16
LH:0
BRDA:13,0,0,0
BRDA:13,0,1,0
BRDA:14,1,0,0
BRDA:14,1,1,0
BRDA:28,2,0,0
BRDA:28,2,1,0
BRDA:28,3,0,0
BRDA:28,3,1,0
BRDA:34,4,0,0
BRDA:34,4,1,0
BRDA:34,5,0,0
BRDA:34,5,1,0
BRF:12
BRH:0
end_of_record
TN:
SF:src\complaints\strategies\jwt.strategy.ts
FN:8,(anonymous_2)
FN:16,(anonymous_3)
FNF:2
FNH:0
FNDA:0,(anonymous_2)
FNDA:0,(anonymous_3)
DA:1,0
DA:2,0
DA:3,0
DA:4,0
DA:7,0
DA:9,0
DA:17,0
DA:18,0
DA:20,0
LF:9
LH:0
BRDA:17,0,0,0
BRDA:17,0,1,0
BRDA:17,1,0,0
BRDA:17,1,1,0
BRF:4
BRH:0
end_of_record
TN:
SF:src\prisma\prisma.service.ts
FN:6,(anonymous_1)
FN:10,(anonymous_2)
FNF:2
FNH:0
FNDA:0,(anonymous_1)
FNDA:0,(anonymous_2)
DA:1,1
DA:2,1
DA:5,1
DA:7,0
DA:11,0
LF:5
LH:3
BRF:0
BRH:0
end_of_record
