TN:
SF:src\auth\auth.controller.ts
FN:19,(anonymous_4)
FN:23,(anonymous_5)
FN:30,(anonymous_6)
FN:37,(anonymous_7)
FN:44,(anonymous_8)
FN:50,(anonymous_9)
FNF:6
FNH:0
FNDA:0,(anonymous_4)
FNDA:0,(anonymous_5)
FNDA:0,(anonymous_6)
FNDA:0,(anonymous_7)
FNDA:0,(anonymous_8)
FNDA:0,(anonymous_9)
DA:1,0
DA:12,0
DA:13,0
DA:14,0
DA:15,0
DA:18,0
DA:19,0
DA:23,0
DA:24,0
DA:30,0
DA:31,0
DA:37,0
DA:38,0
DA:44,0
DA:45,0
DA:50,0
DA:51,0
LF:17
LH:0
BRF:0
BRH:0
end_of_record
TN:
SF:src\auth\auth.service.ts
FN:9,(anonymous_2)
FN:14,(anonymous_3)
FN:20,(anonymous_4)
FN:45,(anonymous_5)
FN:55,(anonymous_6)
FN:59,(anonymous_7)
FNF:6
FNH:6
FNDA:9,(anonymous_2)
FNDA:2,(anonymous_3)
FNDA:4,(anonymous_4)
FNDA:2,(anonymous_5)
FNDA:1,(anonymous_6)
FNDA:4,(anonymous_7)
DA:1,1
DA:2,1
DA:3,1
DA:8,1
DA:10,9
DA:11,9
DA:15,2
DA:16,2
DA:17,2
DA:21,4
DA:23,4
DA:24,1
DA:27,3
DA:32,3
DA:33,1
DA:36,2
DA:37,2
DA:39,2
DA:46,2
DA:47,2
DA:48,1
DA:49,1
DA:51,1
DA:56,1
DA:60,4
LF:25
LH:25
BRDA:23,0,0,1
BRDA:23,0,1,3
BRDA:32,1,0,1
BRDA:32,1,1,2
BRF:4
BRH:4
end_of_record
TN:
SF:src\auth\dto\login.dto.ts
FNF:0
FNH:0
DA:1,0
DA:3,0
DA:5,0
DA:9,0
LF:4
LH:0
BRF:0
BRH:0
end_of_record
TN:
SF:src\auth\guards\jwt-auth.guard.ts
FNF:0
FNH:0
DA:1,0
DA:2,0
DA:5,0
LF:3
LH:0
BRF:0
BRH:0
end_of_record
TN:
SF:src\auth\strategies\jwt.strategy.ts
FN:8,(anonymous_2)
FN:16,(anonymous_3)
FNF:2
FNH:0
FNDA:0,(anonymous_2)
FNDA:0,(anonymous_3)
DA:1,0
DA:2,0
DA:3,0
DA:4,0
DA:7,0
DA:9,0
DA:17,0
DA:18,0
DA:20,0
LF:9
LH:0
BRDA:17,0,0,0
BRDA:17,0,1,0
BRDA:17,1,0,0
BRDA:17,1,1,0
BRF:4
BRH:0
end_of_record
TN:
SF:src\prisma\prisma.service.ts
FN:7,(anonymous_1)
FN:11,(anonymous_2)
FNF:2
FNH:0
FNDA:0,(anonymous_1)
FNDA:0,(anonymous_2)
DA:2,2
DA:3,2
DA:6,2
DA:8,0
DA:12,0
LF:5
LH:3
BRF:0
BRH:0
end_of_record
TN:
SF:src\users\users.service.ts
FN:8,(anonymous_2)
FN:10,(anonymous_3)
FN:32,(anonymous_4)
FN:36,(anonymous_5)
FN:43,(anonymous_6)
FNF:5
FNH:5
FNDA:9,(anonymous_2)
FNDA:3,(anonymous_3)
FNDA:2,(anonymous_4)
FNDA:2,(anonymous_5)
FNDA:2,(anonymous_6)
DA:1,2
DA:2,2
DA:4,2
DA:7,2
DA:8,9
DA:11,3
DA:15,3
DA:16,1
DA:19,2
DA:21,2
DA:28,2
DA:29,2
DA:33,2
DA:37,2
DA:38,2
DA:39,1
DA:40,1
DA:44,2
LF:18
LH:18
BRDA:15,0,0,1
BRDA:15,0,1,2
BRDA:38,1,0,1
BRDA:38,1,1,1
BRF:4
BRH:4
end_of_record
TN:
SF:src\users\dto\create-user.dto.ts
FN:3,(anonymous_2)
FNF:1
FNH:0
FNDA:0,(anonymous_2)
DA:1,0
DA:3,0
DA:4,0
DA:5,0
DA:6,0
DA:9,0
DA:11,0
DA:15,0
DA:19,0
DA:23,0
DA:27,0
LF:11
LH:0
BRDA:3,0,0,0
BRDA:3,0,1,0
BRF:2
BRH:0
end_of_record
